2026-03-05 13:08:27,087 ERROR frappe New Exception collected in error log
Site: test.localhost
Form Dict: {'doctype': 'User', 'fields': 'name', 'limit_page_length': '5', 'cmd': 'frappe.client.get_list'}
2026-03-05 13:08:29,979 ERROR frappe New Exception collected in error log
Site: test.localhost
Form Dict: {'doctype': 'User', 'fields': 'name', 'limit_page_length': '5', 'cmd': 'frappe.client.get_list'}
2026-03-05 13:08:33,259 ERROR frappe New Exception collected in error log
Site: test.localhost
Form Dict: {'doctype': 'User', 'fields': 'name', 'limit_page_length': '5', 'cmd': 'frappe.client.get_list'}
2026-03-05 13:08:33,468 ERROR frappe New Exception collected in error log
Site: test.localhost
Form Dict: {'doctype': 'User', 'fields': 'name', 'limit_page_length': '5', 'cmd': 'frappe.client.get_list'}
2026-03-05 13:08:33,653 ERROR frappe New Exception collected in error log
Site: test.localhost
Form Dict: {'doctype': 'User', 'fields': 'name', 'limit_page_length': '5', 'cmd': 'frappe.client.get_list'}
2026-03-05 13:08:33,820 ERROR frappe New Exception collected in error log
Site: test.localhost
Form Dict: {'doctype': 'User', 'fields': 'name', 'limit_page_length': '5', 'cmd': 'frappe.client.get_list'}
2026-03-05 13:08:34,006 ERROR frappe New Exception collected in error log
Site: test.localhost
Form Dict: {'doctype': 'User', 'fields': 'name', 'limit_page_length': '5', 'cmd': 'frappe.client.get_list'}
2026-03-05 13:08:35,784 ERROR frappe New Exception collected in error log
Site: test.localhost
Form Dict: {'doctype': 'User', 'fields': 'name', 'limit_page_length': '5', 'cmd': 'frappe.client.get_list'}
2026-03-05 13:09:04,876 ERROR frappe New Exception collected in error log
Site: test.localhost
Form Dict: {'doctype': 'User', 'fields': 'name', 'limit_page_length': '5', 'cmd': 'frappe.client.get_list'}
2026-03-05 13:22:17,353 ERROR frappe New Exception collected in error log
Site: test.localhost
Form Dict: {'limit': '5', 'cmd': 'scanifyme.api.get_user_list'}
2026-03-09 11:16:24,209 ERROR frappe New Exception collected in error log
Site: test.localhost
Form Dict: {'docs': '{"name":"QR Customer","owner":"Administrator","creation":"2026-03-09 11:16:16.072454","modified":"2026-03-09 11:16:16.072454","modified_by":"Administrator","docstatus":0,"idx":0,"read_only":0,"in_create":0,"protect_attached_files":0,"title_field":"customer_name","allow_rename":0,"module":"Scanifyme","is_submittable":0,"istable":0,"issingle":0,"is_tree":0,"is_calendar_and_gantt":0,"editable_grid":0,"quick_entry":0,"grid_page_length":0,"rows_threshold_for_grid_search":0,"track_changes":0,"track_seen":0,"track_views":0,"custom":0,"beta":0,"is_virtual":0,"queue_in_background":0,"max_attachments":0,"hide_toolbar":0,"allow_copy":0,"allow_import":0,"allow_events_in_timeline":0,"allow_auto_repeat":0,"make_attachments_public":0,"show_title_field_in_link":0,"translated_doctype":0,"sort_field":"modified","sort_order":"DESC","force_re_route_to_default_view":0,"show_preview_popup":0,"show_name_in_global_search":0,"email_append_to":0,"has_web_view":0,"allow_guest_to_view":0,"index_web_pages_for_search":0,"engine":"InnoDB","row_format":"Dynamic","doctype":"DocType","fields":[{"name":"ckgttdj5s0","owner":"Administrator","creation":"2026-03-09 11:16:16.072454","modified":"2026-03-09 11:16:16.072454","modified_by":"Administrator","docstatus":0,"idx":1,"label":"QR","fieldtype":"Data","fieldname":"qr","length":0,"non_negative":0,"hide_days":0,"hide_seconds":0,"reqd":0,"is_virtual":0,"search_index":0,"not_nullable":0,"mask":0,"sort_options":0,"show_dashboard":0,"fetch_if_empty":0,"hidden":0,"show_on_timeline":0,"bold":0,"allow_in_quick_entry":0,"translatable":0,"print_hide":0,"print_hide_if_no_value":0,"report_hide":0,"collapsible":0,"hide_border":0,"in_list_view":0,"in_standard_filter":0,"in_preview":0,"sticky":0,"in_filter":0,"in_global_search":0,"read_only":0,"allow_on_submit":0,"ignore_user_permissions":0,"allow_bulk_edit":0,"make_attachment_public":0,"permlevel":0,"ignore_xss_filter":0,"unique":0,"no_copy":0,"set_only_once":0,"remember_last_selected_value":0,"columns":0,"show_description_on_click":0,"parent":"QR Customer","parentfield":"fields","parenttype":"DocType","doctype":"DocField"},{"name":"ckgru1e54p","owner":"Administrator","creation":"2026-03-09 11:16:16.072454","modified":"2026-03-09 11:16:16.072454","modified_by":"Administrator","docstatus":0,"idx":2,"label":"Customer Name","fieldtype":"Data","fieldname":"customer_name","length":0,"non_negative":0,"hide_days":0,"hide_seconds":0,"reqd":0,"is_virtual":0,"search_index":0,"not_nullable":0,"mask":0,"sort_options":0,"show_dashboard":0,"fetch_if_empty":0,"hidden":0,"show_on_timeline":0,"bold":0,"allow_in_quick_entry":0,"translatable":0,"print_hide":0,"print_hide_if_no_value":0,"report_hide":0,"collapsible":0,"hide_border":0,"in_list_view":0,"in_standard_filter":0,"in_preview":0,"sticky":0,"in_filter":0,"in_global_search":0,"read_only":0,"allow_on_submit":0,"ignore_user_permissions":0,"allow_bulk_edit":0,"make_attachment_public":0,"permlevel":0,"ignore_xss_filter":0,"unique":0,"no_copy":0,"set_only_once":0,"remember_last_selected_value":0,"columns":0,"show_description_on_click":0,"parent":"QR Customer","parentfield":"fields","parenttype":"DocType","doctype":"DocField"}],"permissions":[{"name":"ckgkgfv8k7","owner":"Administrator","creation":"2026-03-09 11:16:16.072454","modified":"2026-03-09 11:16:16.072454","modified_by":"Administrator","docstatus":0,"idx":1,"role":"System Manager","if_owner":0,"permlevel":0,"select":0,"read":1,"write":1,"create":1,"delete":1,"submit":0,"cancel":0,"amend":0,"mask":0,"report":0,"export":0,"import":0,"share":0,"print":0,"email":0,"impersonate":0,"parent":"QR Customer","parentfield":"permissions","parenttype":"DocType","doctype":"DocPerm"}],"actions":[],"links":[],"states":[],"__last_sync_on":"2026-03-09T05:46:22.482Z"}', 'method': 'check_pending_migration', 'cmd': 'run_doc_method'}
2026-03-09 11:16:37,799 ERROR frappe New Exception collected in error log
Site: test.localhost
Form Dict: {'docs': '{"name":"QR Customer","owner":"Administrator","creation":"2026-03-09 11:16:16.072454","modified":"2026-03-09 11:16:16.072454","modified_by":"Administrator","docstatus":0,"idx":0,"read_only":0,"in_create":0,"protect_attached_files":0,"title_field":"customer_name","allow_rename":0,"module":"Scanifyme","is_submittable":0,"istable":0,"issingle":0,"is_tree":0,"is_calendar_and_gantt":0,"editable_grid":0,"quick_entry":0,"grid_page_length":0,"rows_threshold_for_grid_search":0,"track_changes":0,"track_seen":0,"track_views":0,"custom":0,"beta":0,"is_virtual":0,"queue_in_background":0,"max_attachments":0,"hide_toolbar":0,"allow_copy":0,"allow_import":0,"allow_events_in_timeline":0,"allow_auto_repeat":0,"make_attachments_public":0,"show_title_field_in_link":0,"translated_doctype":0,"sort_field":"modified","sort_order":"DESC","force_re_route_to_default_view":0,"show_preview_popup":0,"show_name_in_global_search":0,"email_append_to":0,"has_web_view":0,"allow_guest_to_view":0,"index_web_pages_for_search":0,"engine":"InnoDB","row_format":"Dynamic","doctype":"DocType","fields":[{"name":"ckgttdj5s0","owner":"Administrator","creation":"2026-03-09 11:16:16.072454","modified":"2026-03-09 11:16:16.072454","modified_by":"Administrator","docstatus":0,"idx":1,"label":"QR","fieldtype":"Data","fieldname":"qr","length":0,"non_negative":0,"hide_days":0,"hide_seconds":0,"reqd":0,"is_virtual":0,"search_index":0,"not_nullable":0,"mask":0,"sort_options":0,"show_dashboard":0,"fetch_if_empty":0,"hidden":0,"show_on_timeline":0,"bold":0,"allow_in_quick_entry":0,"translatable":0,"print_hide":0,"print_hide_if_no_value":0,"report_hide":0,"collapsible":0,"hide_border":0,"in_list_view":0,"in_standard_filter":0,"in_preview":0,"sticky":0,"in_filter":0,"in_global_search":0,"read_only":0,"allow_on_submit":0,"ignore_user_permissions":0,"allow_bulk_edit":0,"make_attachment_public":0,"permlevel":0,"ignore_xss_filter":0,"unique":0,"no_copy":0,"set_only_once":0,"remember_last_selected_value":0,"columns":0,"show_description_on_click":0,"parent":"QR Customer","parentfield":"fields","parenttype":"DocType","doctype":"DocField"},{"name":"ckgru1e54p","owner":"Administrator","creation":"2026-03-09 11:16:16.072454","modified":"2026-03-09 11:16:16.072454","modified_by":"Administrator","docstatus":0,"idx":2,"label":"Customer Name","fieldtype":"Data","fieldname":"customer_name","length":0,"non_negative":0,"hide_days":0,"hide_seconds":0,"reqd":0,"is_virtual":0,"search_index":0,"not_nullable":0,"mask":0,"sort_options":0,"show_dashboard":0,"fetch_if_empty":0,"hidden":0,"show_on_timeline":0,"bold":0,"allow_in_quick_entry":0,"translatable":0,"print_hide":0,"print_hide_if_no_value":0,"report_hide":0,"collapsible":0,"hide_border":0,"in_list_view":0,"in_standard_filter":0,"in_preview":0,"sticky":0,"in_filter":0,"in_global_search":0,"read_only":0,"allow_on_submit":0,"ignore_user_permissions":0,"allow_bulk_edit":0,"make_attachment_public":0,"permlevel":0,"ignore_xss_filter":0,"unique":0,"no_copy":0,"set_only_once":0,"remember_last_selected_value":0,"columns":0,"show_description_on_click":0,"parent":"QR Customer","parentfield":"fields","parenttype":"DocType","doctype":"DocField"}],"permissions":[{"name":"ckgkgfv8k7","owner":"Administrator","creation":"2026-03-09 11:16:16.072454","modified":"2026-03-09 11:16:16.072454","modified_by":"Administrator","docstatus":0,"idx":1,"role":"System Manager","if_owner":0,"permlevel":0,"select":0,"read":1,"write":1,"create":1,"delete":1,"submit":0,"cancel":0,"amend":0,"mask":0,"report":0,"export":0,"import":0,"share":0,"print":0,"email":0,"impersonate":0,"parent":"QR Customer","parentfield":"permissions","parenttype":"DocType","doctype":"DocPerm"}],"actions":[],"links":[],"states":[],"__last_sync_on":"2026-03-09T05:46:37.553Z"}', 'method': 'check_pending_migration', 'cmd': 'run_doc_method'}
2026-03-09 14:56:44,589 ERROR frappe New Exception collected in error log
Site: test.localhost
Form Dict: {'doc': '{"name":"Category","owner":"Administrator","creation":"2026-03-09 14:53:32.654778","modified":"2026-03-09 14:53:32.654778","modified_by":"Administrator","docstatus":0,"idx":0,"read_only":0,"in_create":0,"protect_attached_files":0,"naming_rule":"By fieldname","autoname":"field:category_name","title_field":"category_name","allow_rename":1,"module":"Scanifyme","is_submittable":0,"istable":0,"issingle":0,"is_tree":1,"is_calendar_and_gantt":0,"editable_grid":1,"quick_entry":0,"grid_page_length":50,"rows_threshold_for_grid_search":20,"track_changes":0,"track_seen":0,"track_views":0,"custom":0,"beta":0,"is_virtual":0,"queue_in_background":0,"nsm_parent_field":"parent_category","max_attachments":0,"hide_toolbar":0,"allow_copy":0,"allow_import":0,"allow_events_in_timeline":0,"allow_auto_repeat":0,"make_attachments_public":0,"show_title_field_in_link":0,"translated_doctype":0,"sort_field":"creation","sort_order":"DESC","force_re_route_to_default_view":0,"document_type":"","show_preview_popup":0,"show_name_in_global_search":0,"email_append_to":0,"has_web_view":0,"allow_guest_to_view":0,"index_web_pages_for_search":1,"engine":"InnoDB","row_format":"Dynamic","doctype":"DocType","fields":[{"name":"buiahuga8i","owner":"Administrator","creation":"2026-03-09 14:53:32.654778","modified":"2026-03-09 14:53:32.654778","modified_by":"Administrator","docstatus":0,"idx":1,"label":"Category Name","fieldtype":"Data","fieldname":"category_name","length":0,"precision":"","non_negative":0,"hide_days":0,"hide_seconds":0,"reqd":1,"is_virtual":0,"search_index":0,"not_nullable":0,"mask":0,"sort_options":0,"show_dashboard":0,"fetch_if_empty":0,"button_color":"","hidden":0,"show_on_timeline":0,"bold":0,"allow_in_quick_entry":0,"translatable":0,"print_hide":0,"print_hide_if_no_value":0,"report_hide":0,"collapsible":0,"hide_border":0,"in_list_view":1,"in_standard_filter":0,"in_preview":0,"sticky":0,"in_filter":0,"in_global_search":1,"read_only":0,"allow_on_submit":0,"ignore_user_permissions":0,"allow_bulk_edit":0,"make_attachment_public":0,"permlevel":0,"ignore_xss_filter":0,"unique":1,"no_copy":0,"set_only_once":0,"remember_last_selected_value":0,"alignment":"","columns":0,"show_description_on_click":0,"parent":"Category","parentfield":"fields","parenttype":"DocType","doctype":"DocField"},{"name":"buihc9bolo","owner":"Administrator","creation":"2026-03-09 14:53:32.654778","modified":"2026-03-09 14:53:32.654778","modified_by":"Administrator","docstatus":0,"idx":2,"label":"Parent Category","fieldtype":"Link","fieldname":"parent_category","length":0,"precision":"","non_negative":0,"hide_days":0,"hide_seconds":0,"reqd":0,"is_virtual":0,"search_index":0,"not_nullable":0,"mask":0,"options":"Category","sort_options":0,"show_dashboard":0,"fetch_if_empty":0,"button_color":"","hidden":0,"show_on_timeline":0,"bold":0,"allow_in_quick_entry":0,"translatable":0,"print_hide":0,"print_hide_if_no_value":0,"report_hide":0,"collapsible":0,"hide_border":0,"in_list_view":1,"in_standard_filter":0,"in_preview":0,"sticky":0,"in_filter":0,"in_global_search":0,"read_only":0,"allow_on_submit":0,"ignore_user_permissions":0,"allow_bulk_edit":0,"make_attachment_public":0,"permlevel":0,"ignore_xss_filter":0,"unique":0,"no_copy":0,"set_only_once":0,"remember_last_selected_value":0,"alignment":"","columns":0,"show_description_on_click":0,"parent":"Category","parentfield":"fields","parenttype":"DocType","doctype":"DocField"},{"name":"buis5t4vio","owner":"Administrator","creation":"2026-03-09 14:53:32.654778","modified":"2026-03-09 14:53:32.654778","modified_by":"Administrator","docstatus":0,"idx":3,"label":"Description","fieldtype":"Small Text","fieldname":"description","length":0,"precision":"","non_negative":0,"hide_days":0,"hide_seconds":0,"reqd":0,"is_virtual":0,"search_index":0,"not_nullable":0,"mask":0,"sort_options":0,"show_dashboard":0,"fetch_if_empty":0,"button_color":"","hidden":0,"show_on_timeline":0,"bold":0,"allow_in_quick_entry":0,"translatable":0,"print_hide":0,"print_hide_if_no_value":0,"report_hide":0,"collapsible":0,"hide_border":0,"in_list_view":1,"in_standard_filter":0,"in_preview":0,"sticky":0,"in_filter":0,"in_global_search":0,"read_only":0,"allow_on_submit":0,"ignore_user_permissions":0,"allow_bulk_edit":0,"make_attachment_public":0,"permlevel":0,"ignore_xss_filter":0,"unique":0,"no_copy":0,"set_only_once":0,"remember_last_selected_value":0,"alignment":"","columns":0,"show_description_on_click":0,"parent":"Category","parentfield":"fields","parenttype":"DocType","doctype":"DocField"},{"name":"buj9isoqe1","owner":"Administrator","creation":"2026-03-09 14:53:33.177226","modified":"2026-03-09 14:53:33.177226","modified_by":"Administrator","docstatus":0,"idx":4,"label":"Left","fieldtype":"Int","fieldname":"lft","length":0,"non_negative":0,"hide_days":0,"hide_seconds":0,"reqd":0,"is_virtual":0,"search_index":0,"not_nullable":0,"mask":0,"sort_options":0,"show_dashboard":0,"fetch_if_empty":0,"hidden":1,"show_on_timeline":0,"bold":0,"allow_in_quick_entry":0,"translatable":0,"print_hide":0,"print_hide_if_no_value":0,"report_hide":0,"collapsible":0,"hide_border":0,"in_list_view":0,"in_standard_filter":0,"in_preview":0,"sticky":0,"in_filter":0,"in_global_search":0,"read_only":1,"allow_on_submit":0,"ignore_user_permissions":0,"allow_bulk_edit":0,"make_attachment_public":0,"permlevel":0,"ignore_xss_filter":0,"unique":0,"no_copy":1,"set_only_once":0,"remember_last_selected_value":0,"columns":0,"show_description_on_click":0,"parent":"Category","parentfield":"fields","parenttype":"DocType","doctype":"DocField"},{"name":"bujnafaog9","owner":"Administrator","creation":"2026-03-09 14:53:33.178498","modified":"2026-03-09 14:53:33.178498","modified_by":"Administrator","docstatus":0,"idx":5,"label":"Right","fieldtype":"Int","fieldname":"rgt","length":0,"non_negative":0,"hide_days":0,"hide_seconds":0,"reqd":0,"is_virtual":0,"search_index":0,"not_nullable":0,"mask":0,"sort_options":0,"show_dashboard":0,"fetch_if_empty":0,"hidden":1,"show_on_timeline":0,"bold":0,"allow_in_quick_entry":0,"translatable":0,"print_hide":0,"print_hide_if_no_value":0,"report_hide":0,"collapsible":0,"hide_border":0,"in_list_view":0,"in_standard_filter":0,"in_preview":0,"sticky":0,"in_filter":0,"in_global_search":0,"read_only":1,"allow_on_submit":0,"ignore_user_permissions":0,"allow_bulk_edit":0,"make_attachment_public":0,"permlevel":0,"ignore_xss_filter":0,"unique":0,"no_copy":1,"set_only_once":0,"remember_last_selected_value":0,"columns":0,"show_description_on_click":0,"parent":"Category","parentfield":"fields","parenttype":"DocType","doctype":"DocField"},{"name":"bujjpaha3h","owner":"Administrator","creation":"2026-03-09 14:53:33.179421","modified":"2026-03-09 14:53:33.179421","modified_by":"Administrator","docstatus":0,"idx":6,"label":"Is Group","fieldtype":"Check","fieldname":"is_group","length":0,"non_negative":0,"hide_days":0,"hide_seconds":0,"reqd":0,"is_virtual":0,"search_index":0,"not_nullable":0,"mask":0,"sort_options":0,"show_dashboard":0,"fetch_if_empty":0,"hidden":0,"show_on_timeline":0,"bold":0,"allow_in_quick_entry":0,"translatable":0,"print_hide":0,"print_hide_if_no_value":0,"report_hide":0,"collapsible":0,"hide_border":0,"in_list_view":0,"in_standard_filter":0,"in_preview":0,"sticky":0,"in_filter":0,"in_global_search":0,"read_only":0,"allow_on_submit":0,"ignore_user_permissions":0,"allow_bulk_edit":0,"make_attachment_public":0,"permlevel":0,"ignore_xss_filter":0,"unique":0,"no_copy":0,"set_only_once":0,"remember_last_selected_value":0,"columns":0,"show_description_on_click":0,"parent":"Category","parentfield":"fields","parenttype":"DocType","doctype":"DocField"},{"name":"bujspvjka8","owner":"Administrator","creation":"2026-03-09 14:53:33.184622","modified":"2026-03-09 14:53:33.184622","modified_by":"Administrator","docstatus":0,"idx":7,"label":"Old Parent","fieldtype":"Link","fieldname":"old_parent","length":0,"non_negative":0,"hide_days":0,"hide_seconds":0,"reqd":0,"is_virtual":0,"search_index":0,"not_nullable":0,"mask":0,"options":"Category","sort_options":0,"show_dashboard":0,"fetch_if_empty":0,"hidden":1,"show_on_timeline":0,"bold":0,"allow_in_quick_entry":0,"translatable":0,"print_hide":0,"print_hide_if_no_value":0,"report_hide":0,"collapsible":0,"hide_border":0,"in_list_view":0,"in_standard_filter":0,"in_preview":0,"sticky":0,"in_filter":0,"in_global_search":0,"read_only":0,"allow_on_submit":0,"ignore_user_permissions":0,"allow_bulk_edit":0,"make_attachment_public":0,"permlevel":0,"ignore_xss_filter":0,"unique":0,"no_copy":0,"set_only_once":0,"remember_last_selected_value":0,"columns":0,"show_description_on_click":0,"parent":"Category","parentfield":"fields","parenttype":"DocType","doctype":"DocField"},{"name":"bujq0479hj","owner":"Administrator","creation":"2026-03-09 14:53:33.185963","modified":"2026-03-09 14:53:33.185963","modified_by":"Administrator","docstatus":0,"idx":8,"label":"Parent Category","fieldtype":"Link","fieldname":"parent_category","length":0,"non_negative":0,"hide_days":0,"hide_seconds":0,"reqd":0,"is_virtual":0,"search_index":0,"not_nullable":0,"mask":0,"options":"Category","sort_options":0,"show_dashboard":0,"fetch_if_empty":0,"hidden":0,"show_on_timeline":0,"bold":0,"allow_in_quick_entry":0,"translatable":0,"print_hide":0,"print_hide_if_no_value":0,"report_hide":0,"collapsible":0,"hide_border":0,"in_list_view":0,"in_standard_filter":0,"in_preview":0,"sticky":0,"in_filter":0,"in_global_search":0,"read_only":0,"allow_on_submit":0,"ignore_user_permissions":1,"allow_bulk_edit":0,"make_attachment_public":0,"permlevel":0,"ignore_xss_filter":0,"unique":0,"no_copy":0,"set_only_once":0,"remember_last_selected_value":0,"columns":0,"show_description_on_click":0,"parent":"Category","parentfield":"fields","parenttype":"DocType","doctype":"DocField"}],"permissions":[{"name":"buiossn793","owner":"Administrator","creation":"2026-03-09 14:53:32.654778","modified":"2026-03-09 14:53:32.654778","modified_by":"Administrator","docstatus":0,"idx":1,"role":"System Manager","if_owner":0,"permlevel":0,"select":0,"read":1,"write":1,"create":1,"delete":1,"submit":0,"cancel":0,"amend":0,"mask":0,"report":1,"export":1,"import":0,"share":1,"print":1,"email":1,"impersonate":0,"parent":"Category","parentfield":"permissions","parenttype":"DocType","doctype":"DocPerm"}],"actions":[],"links":[],"states":[],"__unsaved":1}', 'action': 'Save', 'cmd': 'frappe.desk.form.save.savedocs'}
2026-03-09 15:02:53,909 ERROR frappe New Exception collected in error log
Site: test.localhost
Form Dict: {'doc': '{"doctype":"DocType","name":"Category","creation":"2026-03-09 14:59:29.958604","modified":"2026-03-09 14:59:29.958604","modified_by":"Administrator","owner":"Administrator","docstatus":0,"idx":0,"issingle":0,"is_virtual":0,"is_tree":1,"istable":0,"editable_grid":1,"track_changes":0,"module":"Scanifyme","autoname":"field:category_name","naming_rule":"By fieldname","title_field":"category_name","sort_field":"creation","sort_order":"DESC","read_only":0,"in_create":0,"allow_copy":0,"allow_rename":1,"allow_import":0,"hide_toolbar":0,"track_seen":0,"max_attachments":0,"document_type":"","engine":"InnoDB","is_submittable":0,"show_name_in_global_search":0,"custom":0,"beta":0,"has_web_view":0,"allow_guest_to_view":0,"email_append_to":0,"show_title_field_in_link":0,"translated_doctype":0,"protect_attached_files":0,"is_calendar_and_gantt":0,"quick_entry":0,"grid_page_length":50,"rows_threshold_for_grid_search":20,"track_views":0,"queue_in_background":0,"nsm_parent_field":"parent_category","allow_events_in_timeline":0,"allow_auto_repeat":0,"make_attachments_public":0,"force_re_route_to_default_view":0,"show_preview_popup":0,"index_web_pages_for_search":1,"row_format":"Dynamic","fields":[{"doctype":"DocField","name":"fed77bpcec","creation":"2026-03-09 14:59:29.958604","modified":"2026-03-09 14:59:29.958604","modified_by":"Administrator","owner":"Administrator","docstatus":0,"parent":"Category","parentfield":"fields","parenttype":"DocType","idx":1,"fieldname":"category_name","label":"Category Name","fieldtype":"Data","search_index":0,"show_dashboard":0,"hidden":0,"set_only_once":0,"allow_in_quick_entry":0,"print_hide":0,"report_hide":0,"reqd":1,"bold":0,"in_global_search":1,"collapsible":0,"unique":1,"no_copy":0,"allow_on_submit":0,"permlevel":0,"ignore_user_permissions":0,"columns":0,"in_list_view":1,"fetch_if_empty":0,"in_filter":0,"remember_last_selected_value":0,"ignore_xss_filter":0,"print_hide_if_no_value":0,"allow_bulk_edit":0,"in_standard_filter":0,"in_preview":0,"read_only":0,"precision":"","length":0,"translatable":0,"hide_border":0,"hide_days":0,"hide_seconds":0,"non_negative":0,"is_virtual":0,"not_nullable":0,"mask":0,"sort_options":0,"button_color":"","show_on_timeline":0,"sticky":0,"make_attachment_public":0,"alignment":"","show_description_on_click":0},{"doctype":"DocField","name":"fedjg5qmbb","creation":"2026-03-09 14:59:29.958604","modified":"2026-03-09 14:59:29.958604","modified_by":"Administrator","owner":"Administrator","docstatus":0,"parent":"Category","parentfield":"fields","parenttype":"DocType","idx":2,"fieldname":"parent_category","label":"Parent Category","fieldtype":"Link","options":"Category","search_index":0,"show_dashboard":0,"hidden":0,"set_only_once":0,"allow_in_quick_entry":0,"print_hide":0,"report_hide":0,"reqd":0,"bold":0,"in_global_search":0,"collapsible":0,"unique":0,"no_copy":0,"allow_on_submit":0,"permlevel":0,"ignore_user_permissions":0,"columns":0,"in_list_view":1,"fetch_if_empty":0,"in_filter":0,"remember_last_selected_value":0,"ignore_xss_filter":0,"print_hide_if_no_value":0,"allow_bulk_edit":0,"in_standard_filter":0,"in_preview":0,"read_only":0,"length":0,"translatable":0,"hide_border":0,"hide_days":0,"hide_seconds":0,"non_negative":0,"is_virtual":0,"not_nullable":0,"mask":0,"sort_options":0,"show_on_timeline":0,"sticky":0,"make_attachment_public":0,"show_description_on_click":0,"precision":"","button_color":"","alignment":""},{"doctype":"DocField","name":"fedn2kg6tf","creation":"2026-03-09 14:59:29.958604","modified":"2026-03-09 14:59:29.958604","modified_by":"Administrator","owner":"Administrator","docstatus":0,"parent":"Category","parentfield":"fields","parenttype":"DocType","idx":3,"fieldname":"description","label":"Description","fieldtype":"Small Text","search_index":0,"show_dashboard":0,"hidden":0,"set_only_once":0,"allow_in_quick_entry":0,"print_hide":0,"report_hide":0,"reqd":0,"bold":0,"in_global_search":0,"collapsible":0,"unique":0,"no_copy":0,"allow_on_submit":0,"permlevel":0,"ignore_user_permissions":0,"columns":0,"in_list_view":1,"fetch_if_empty":0,"in_filter":0,"remember_last_selected_value":0,"ignore_xss_filter":0,"print_hide_if_no_value":0,"allow_bulk_edit":0,"in_standard_filter":0,"in_preview":0,"read_only":0,"precision":"","length":0,"translatable":0,"hide_border":0,"hide_days":0,"hide_seconds":0,"non_negative":0,"is_virtual":0,"not_nullable":0,"mask":0,"sort_options":0,"button_color":"","show_on_timeline":0,"sticky":0,"make_attachment_public":0,"alignment":"","show_description_on_click":0},{"doctype":"DocField","name":"feen1itq16","creation":"2026-03-09 14:59:31.081602","modified":"2026-03-09 14:59:31.081602","modified_by":"Administrator","owner":"Administrator","docstatus":0,"parent":"Category","parentfield":"fields","parenttype":"DocType","idx":4,"fieldname":"lft","label":"Left","fieldtype":"Int","search_index":0,"show_dashboard":0,"hidden":1,"set_only_once":0,"allow_in_quick_entry":0,"print_hide":0,"report_hide":0,"reqd":0,"bold":0,"in_global_search":0,"collapsible":0,"unique":0,"no_copy":1,"allow_on_submit":0,"permlevel":0,"ignore_user_permissions":0,"columns":0,"in_list_view":0,"fetch_if_empty":0,"in_filter":0,"remember_last_selected_value":0,"ignore_xss_filter":0,"print_hide_if_no_value":0,"allow_bulk_edit":0,"in_standard_filter":0,"in_preview":0,"read_only":1,"length":0,"translatable":0,"hide_border":0,"hide_days":0,"hide_seconds":0,"non_negative":0,"is_virtual":0,"not_nullable":0,"mask":0,"sort_options":0,"show_on_timeline":0,"sticky":0,"make_attachment_public":0,"show_description_on_click":0},{"doctype":"DocField","name":"fee2v8nnng","creation":"2026-03-09 14:59:31.084247","modified":"2026-03-09 14:59:31.084247","modified_by":"Administrator","owner":"Administrator","docstatus":0,"parent":"Category","parentfield":"fields","parenttype":"DocType","idx":5,"fieldname":"rgt","label":"Right","fieldtype":"Int","search_index":0,"show_dashboard":0,"hidden":1,"set_only_once":0,"allow_in_quick_entry":0,"print_hide":0,"report_hide":0,"reqd":0,"bold":0,"in_global_search":0,"collapsible":0,"unique":0,"no_copy":1,"allow_on_submit":0,"permlevel":0,"ignore_user_permissions":0,"columns":0,"in_list_view":0,"fetch_if_empty":0,"in_filter":0,"remember_last_selected_value":0,"ignore_xss_filter":0,"print_hide_if_no_value":0,"allow_bulk_edit":0,"in_standard_filter":0,"in_preview":0,"read_only":1,"length":0,"translatable":0,"hide_border":0,"hide_days":0,"hide_seconds":0,"non_negative":0,"is_virtual":0,"not_nullable":0,"mask":0,"sort_options":0,"show_on_timeline":0,"sticky":0,"make_attachment_public":0,"show_description_on_click":0},{"doctype":"DocField","name":"feemevhvrc","creation":"2026-03-09 14:59:31.087014","modified":"2026-03-09 14:59:31.087014","modified_by":"Administrator","owner":"Administrator","docstatus":0,"parent":"Category","parentfield":"fields","parenttype":"DocType","idx":6,"fieldname":"is_group","label":"Is Group","fieldtype":"Check","search_index":0,"show_dashboard":0,"hidden":0,"set_only_once":0,"allow_in_quick_entry":0,"print_hide":0,"report_hide":0,"reqd":0,"bold":0,"in_global_search":0,"collapsible":0,"unique":0,"no_copy":0,"allow_on_submit":0,"permlevel":0,"ignore_user_permissions":0,"columns":0,"in_list_view":0,"fetch_if_empty":0,"in_filter":0,"remember_last_selected_value":0,"ignore_xss_filter":0,"print_hide_if_no_value":0,"allow_bulk_edit":0,"in_standard_filter":0,"in_preview":0,"read_only":0,"length":0,"translatable":0,"hide_border":0,"hide_days":0,"hide_seconds":0,"non_negative":0,"is_virtual":0,"not_nullable":0,"mask":0,"sort_options":0,"show_on_timeline":0,"sticky":0,"make_attachment_public":0,"show_description_on_click":0},{"doctype":"DocField","name":"fee2nckue1","creation":"2026-03-09 14:59:31.088954","modified":"2026-03-09 14:59:31.088954","modified_by":"Administrator","owner":"Administrator","docstatus":0,"parent":"Category","parentfield":"fields","parenttype":"DocType","idx":7,"fieldname":"old_parent","label":"Old Parent","fieldtype":"Link","options":"Category","search_index":0,"show_dashboard":0,"hidden":1,"set_only_once":0,"allow_in_quick_entry":0,"print_hide":0,"report_hide":0,"reqd":0,"bold":0,"in_global_search":0,"collapsible":0,"unique":0,"no_copy":0,"allow_on_submit":0,"permlevel":0,"ignore_user_permissions":0,"columns":0,"in_list_view":0,"fetch_if_empty":0,"in_filter":0,"remember_last_selected_value":0,"ignore_xss_filter":0,"print_hide_if_no_value":0,"allow_bulk_edit":0,"in_standard_filter":0,"in_preview":0,"read_only":0,"length":0,"translatable":0,"hide_border":0,"hide_days":0,"hide_seconds":0,"non_negative":0,"is_virtual":0,"not_nullable":0,"mask":0,"sort_options":0,"show_on_timeline":0,"sticky":0,"make_attachment_public":0,"show_description_on_click":0},{"doctype":"DocField","name":"feepecp4n1","creation":"2026-03-09 14:59:31.089833","modified":"2026-03-09 14:59:31.089833","modified_by":"Administrator","owner":"Administrator","docstatus":0,"parent":"Category","parentfield":"fields","parenttype":"DocType","idx":8,"fieldname":"parent_category","label":"Parent Category","fieldtype":"Link","options":"Category","search_index":0,"show_dashboard":0,"hidden":0,"set_only_once":0,"allow_in_quick_entry":0,"print_hide":0,"report_hide":0,"reqd":0,"bold":0,"in_global_search":0,"collapsible":0,"unique":0,"no_copy":0,"allow_on_submit":0,"permlevel":0,"ignore_user_permissions":1,"columns":0,"in_list_view":0,"fetch_if_empty":0,"in_filter":0,"remember_last_selected_value":0,"ignore_xss_filter":0,"print_hide_if_no_value":0,"allow_bulk_edit":0,"in_standard_filter":0,"in_preview":0,"read_only":0,"length":0,"translatable":0,"hide_border":0,"hide_days":0,"hide_seconds":0,"non_negative":0,"is_virtual":0,"not_nullable":0,"mask":0,"sort_options":0,"show_on_timeline":0,"sticky":0,"make_attachment_public":0,"show_description_on_click":0}],"permissions":[{"doctype":"DocPerm","name":"feddbe4d45","creation":"2026-03-09 14:59:29.958604","modified":"2026-03-09 14:59:29.958604","modified_by":"Administrator","owner":"Administrator","docstatus":0,"parent":"Category","parentfield":"permissions","parenttype":"DocType","idx":1,"permlevel":0,"role":"System Manager","read":1,"write":1,"create":1,"submit":0,"cancel":0,"delete":1,"amend":0,"report":1,"export":1,"import":0,"share":1,"print":1,"email":1,"if_owner":0,"select":0,"mask":0,"impersonate":0}],"actions":[],"links":[],"states":[],"__unsaved":1}', 'action': 'Save', 'cmd': 'frappe.desk.form.save.savedocs'}
2026-03-15 10:40:13,753 ERROR frappe New Exception collected in error log
Site: test.localhost
Form Dict: {'name': 'undefined', 'cmd': 'frappe.desk.desk_page.getpage'}
2026-03-15 12:27:08,290 ERROR frappe New Exception collected in error log
Site: test.localhost
Form Dict: {'cmd': 'frappe.auth.get_logged_user'}
2026-03-15 12:50:14,695 ERROR frappe New Exception collected in error log
Site: test.localhost
Form Dict: {'name': 'settings', 'cmd': 'frappe.desk.desk_page.getpage'}
2026-03-15 12:51:06,340 ERROR frappe New Exception collected in error log
Site: test.localhost
Form Dict: {'name': 'settings', 'cmd': 'frappe.desk.desk_page.getpage'}
2026-03-15 13:00:55,507 ERROR frappe New Exception collected in error log
Site: test.localhost
Form Dict: {'cmd': 'frappe.auth.get_logged_user'}
2026-03-15 18:03:28,037 ERROR frappe New Exception collected in error log
Site: test.localhost
Form Dict: {'cmd': 'scanifyme.qr_management.api.qr_api.get_qr_batches'}
2026-03-15 22:13:58,152 ERROR frappe New Exception collected in error log
Site: test.localhost
Form Dict: {'page': 'Desk', 'cmd': 'frappe.desk.desktop.get_desktop_page'}
2026-03-16 10:59:08,724 ERROR frappe New Exception collected in error log
Site: test.localhost
Form Dict: {'cmd': 'scanifyme.qr_management.api.qr_api.get_qr_batches'}
2026-03-16 12:45:42,497 ERROR frappe New Exception collected in error log
Site: test.localhost
Form Dict: {'cmd': 'scanifyme.api.get_user_role'}
2026-03-16 13:26:14,765 ERROR frappe New Exception collected in error log
Site: test.localhost
Form Dict: {'cmd': 'scanifyme.items.api.items_api.get_user_items'}
2026-03-16 13:28:00,400 ERROR frappe New Exception collected in error log
Site: test.localhost
Form Dict: {'token': '********', 'cmd': 'scanifyme.items.api.items_api.activate_qr'}
2026-03-16 13:28:14,507 ERROR frappe New Exception collected in error log
Site: test.localhost
Form Dict: {'token': '********', 'cmd': 'scanifyme.items.api.items_api.activate_qr'}
2026-03-16 17:37:38,665 ERROR frappe New Exception collected in error log
Site: test.localhost
Form Dict: {'cmd': 'frappe.auth.get_logged_user'}
2026-03-16 17:38:21,508 ERROR frappe New Exception collected in error log
Site: test.localhost
Form Dict: {'cmd': 'scanifyme.items.api.items_api.get_item_categories'}
2026-03-16 17:38:35,260 ERROR frappe New Exception collected in error log
Site: test.localhost
Form Dict: {'cmd': 'scanifyme.items.api.items_api.get_item_categories'}
2026-03-16 17:38:59,273 ERROR frappe New Exception collected in error log
Site: test.localhost
Form Dict: {'cmd': 'scanifyme.items.api.items_api.get_item_categories'}
2026-03-16 17:46:03,855 ERROR frappe Error while inserting deferred Error Log record: (1406, "Data too long for column 'method' at row 1")
Site: test.localhost
Form Dict: {}
2026-03-16 17:46:03,860 ERROR frappe Error while inserting deferred Error Log record: (1406, "Data too long for column 'method' at row 1")
Site: test.localhost
Form Dict: {}
2026-03-16 17:46:03,863 ERROR frappe Error while inserting deferred Error Log record: (1406, "Data too long for column 'method' at row 1")
Site: test.localhost
Form Dict: {}
2026-03-17 10:22:58,657 ERROR frappe New Exception collected in error log
Site: test.localhost
Form Dict: {'cmd': 'frappe.auth.get_logged_user'}
2026-03-17 11:11:36,895 ERROR frappe New Exception collected in error log
Site: test.localhost
Form Dict: {'cmd': 'scanifyme.notifications.api.notification_api.get_notification_preferences'}
2026-03-17 11:11:47,801 ERROR frappe New Exception collected in error log
Site: test.localhost
Form Dict: {'cmd': 'scanifyme.notifications.api.notification_api.get_notification_preferences'}
2026-03-17 11:31:37,281 ERROR frappe New Exception collected in error log
Site: test.localhost
Form Dict: {'cmd': 'scanifyme.notifications.api.notification_api.get_notification_preferences'}
2026-03-17 11:46:16,651 ERROR frappe New Exception collected in error log
Site: test.localhost
Form Dict: {'cmd': 'frappe.auth.get_logged_user'}
2026-03-17 12:14:13,746 ERROR frappe New Exception collected in error log
Site: test.localhost
Form Dict: {'cmd': 'scanifyme.notifications.api.notification_api.get_notification_preferences'}
2026-03-17 12:14:16,408 ERROR frappe New Exception collected in error log
Site: test.localhost
Form Dict: {'is_read': None, 'limit': 50, 'cmd': 'scanifyme.notifications.api.notification_api.get_owner_notifications'}
2026-03-17 12:14:16,459 ERROR frappe New Exception collected in error log
Site: test.localhost
Form Dict: {'cmd': 'scanifyme.notifications.api.notification_api.get_unread_notification_count'}
2026-03-17 12:14:19,322 ERROR frappe New Exception collected in error log
Site: test.localhost
Form Dict: {'is_read': None, 'limit': 50, 'cmd': 'scanifyme.notifications.api.notification_api.get_owner_notifications'}
2026-03-17 12:14:19,347 ERROR frappe New Exception collected in error log
Site: test.localhost
Form Dict: {'cmd': 'scanifyme.notifications.api.notification_api.get_unread_notification_count'}
2026-03-17 12:14:19,347 ERROR frappe New Exception collected in error log
Site: test.localhost
Form Dict: {'cmd': 'scanifyme.notifications.api.notification_api.get_unread_notification_count'}
2026-03-17 12:14:19,381 ERROR frappe New Exception collected in error log
Site: test.localhost
Form Dict: {'is_read': None, 'limit': 50, 'cmd': 'scanifyme.notifications.api.notification_api.get_owner_notifications'}
2026-03-17 12:14:22,604 ERROR frappe New Exception collected in error log
Site: test.localhost
Form Dict: {'is_read': None, 'limit': 50, 'cmd': 'scanifyme.notifications.api.notification_api.get_owner_notifications'}
2026-03-17 12:14:22,623 ERROR frappe New Exception collected in error log
Site: test.localhost
Form Dict: {'cmd': 'scanifyme.notifications.api.notification_api.get_unread_notification_count'}
2026-03-17 12:14:23,620 ERROR frappe New Exception collected in error log
Site: test.localhost
Form Dict: {'is_read': None, 'limit': 50, 'cmd': 'scanifyme.notifications.api.notification_api.get_owner_notifications'}
2026-03-17 12:14:23,647 ERROR frappe New Exception collected in error log
Site: test.localhost
Form Dict: {'cmd': 'scanifyme.notifications.api.notification_api.get_unread_notification_count'}
2026-03-17 12:14:30,228 ERROR frappe New Exception collected in error log
Site: test.localhost
Form Dict: {'status': None, 'cmd': 'scanifyme.recovery.api.recovery_api.get_owner_recovery_cases'}
2026-03-17 12:30:33,050 ERROR frappe New Exception collected in error log
Site: test.localhost
Form Dict: {'recipients': 'vineelreddykamireddy@gmail.com', 'subject': 'Email Account: vineel', 'content': '<div class="ql-editor read-mode"><p><br></p></div>', 'doctype': 'Email Account', 'name': 'vineel', 'send_email': '1', 'print_html': '', 'send_me_a_copy': '0', 'print_format': 'Standard', 'attachments': '[]', 'read_receipt': '0', 'print_letterhead': '1', 'send_after': '', 'print_language': 'en', 'add_css': '1', 'in_reply_to': '', 'cmd': 'frappe.core.doctype.communication.email.make'}
2026-03-17 12:53:38,621 ERROR frappe New Exception collected in error log
Site: test.localhost
Form Dict: {'cmd': 'frappe.auth.get_logged_user'}
2026-03-17 13:07:24,521 ERROR frappe New Exception collected in error log
Site: test.localhost
Form Dict: {'cmd': 'frappe.email.email_account.get_list'}
2026-03-17 14:46:25,429 ERROR frappe New Exception collected in error log
Site: test.localhost
Form Dict: {'cmd': 'frappe.auth.get_logged_user'}
2026-03-17 14:59:27,617 ERROR frappe New Exception collected in error log
Site: test.localhost
Form Dict: {'is_read': None, 'limit': 50, 'cmd': 'scanifyme.notifications.api.notification_api.get_owner_notifications'}
2026-03-17 14:59:27,619 ERROR frappe New Exception collected in error log
Site: test.localhost
Form Dict: {'cmd': 'scanifyme.notifications.api.notification_api.get_unread_notification_count'}
2026-03-17 14:59:29,711 ERROR frappe New Exception collected in error log
Site: test.localhost
Form Dict: {'status': None, 'cmd': 'scanifyme.recovery.api.recovery_api.get_owner_recovery_cases'}
2026-03-17 14:59:31,491 ERROR frappe New Exception collected in error log
Site: test.localhost
Form Dict: {'status': None, 'cmd': 'scanifyme.recovery.api.recovery_api.get_owner_recovery_cases'}
2026-03-17 14:59:32,110 ERROR frappe New Exception collected in error log
Site: test.localhost
Form Dict: {'status': None, 'cmd': 'scanifyme.recovery.api.recovery_api.get_owner_recovery_cases'}
2026-03-17 14:59:35,269 ERROR frappe New Exception collected in error log
Site: test.localhost
Form Dict: {'is_read': None, 'limit': 50, 'cmd': 'scanifyme.notifications.api.notification_api.get_owner_notifications'}
2026-03-17 14:59:35,286 ERROR frappe New Exception collected in error log
Site: test.localhost
Form Dict: {'cmd': 'scanifyme.notifications.api.notification_api.get_unread_notification_count'}
2026-03-17 14:59:37,679 ERROR frappe New Exception collected in error log
Site: test.localhost
Form Dict: {'is_read': None, 'limit': 50, 'cmd': 'scanifyme.notifications.api.notification_api.get_owner_notifications'}
2026-03-17 14:59:37,723 ERROR frappe New Exception collected in error log
Site: test.localhost
Form Dict: {'cmd': 'scanifyme.notifications.api.notification_api.get_unread_notification_count'}
2026-03-17 14:59:37,733 ERROR frappe New Exception collected in error log
Site: test.localhost
Form Dict: {'is_read': None, 'limit': 50, 'cmd': 'scanifyme.notifications.api.notification_api.get_owner_notifications'}
2026-03-17 14:59:37,759 ERROR frappe New Exception collected in error log
Site: test.localhost
Form Dict: {'cmd': 'scanifyme.notifications.api.notification_api.get_unread_notification_count'}
2026-03-17 15:00:07,931 ERROR frappe New Exception collected in error log
Site: test.localhost
Form Dict: {'is_read': None, 'limit': 50, 'cmd': 'scanifyme.notifications.api.notification_api.get_owner_notifications'}
2026-03-17 15:00:07,983 ERROR frappe New Exception collected in error log
Site: test.localhost
Form Dict: {'cmd': 'scanifyme.notifications.api.notification_api.get_unread_notification_count'}
2026-03-17 15:00:07,987 ERROR frappe New Exception collected in error log
Site: test.localhost
Form Dict: {'cmd': 'scanifyme.notifications.api.notification_api.get_unread_notification_count'}
2026-03-17 15:00:07,993 ERROR frappe New Exception collected in error log
Site: test.localhost
Form Dict: {'is_read': None, 'limit': 50, 'cmd': 'scanifyme.notifications.api.notification_api.get_owner_notifications'}
2026-03-17 15:00:38,036 ERROR frappe New Exception collected in error log
Site: test.localhost
Form Dict: {'is_read': None, 'limit': 50, 'cmd': 'scanifyme.notifications.api.notification_api.get_owner_notifications'}
2026-03-17 15:00:38,037 ERROR frappe New Exception collected in error log
Site: test.localhost
Form Dict: {'cmd': 'scanifyme.notifications.api.notification_api.get_unread_notification_count'}
2026-03-17 15:00:38,042 ERROR frappe New Exception collected in error log
Site: test.localhost
Form Dict: {'cmd': 'scanifyme.notifications.api.notification_api.get_unread_notification_count'}
2026-03-17 15:00:38,075 ERROR frappe New Exception collected in error log
Site: test.localhost
Form Dict: {'is_read': None, 'limit': 50, 'cmd': 'scanifyme.notifications.api.notification_api.get_owner_notifications'}
2026-03-17 15:01:07,768 ERROR frappe New Exception collected in error log
Site: test.localhost
Form Dict: {'is_read': None, 'limit': 50, 'cmd': 'scanifyme.notifications.api.notification_api.get_owner_notifications'}
2026-03-17 15:01:07,862 ERROR frappe New Exception collected in error log
Site: test.localhost
Form Dict: {'cmd': 'scanifyme.notifications.api.notification_api.get_unread_notification_count'}
2026-03-17 15:01:07,876 ERROR frappe New Exception collected in error log
Site: test.localhost
Form Dict: {'cmd': 'scanifyme.notifications.api.notification_api.get_unread_notification_count'}
2026-03-17 15:01:07,896 ERROR frappe New Exception collected in error log
Site: test.localhost
Form Dict: {'is_read': None, 'limit': 50, 'cmd': 'scanifyme.notifications.api.notification_api.get_owner_notifications'}
2026-03-17 15:01:08,288 ERROR frappe New Exception collected in error log
Site: test.localhost
Form Dict: {'is_read': None, 'limit': 50, 'cmd': 'scanifyme.notifications.api.notification_api.get_owner_notifications'}
2026-03-17 15:01:08,308 ERROR frappe New Exception collected in error log
Site: test.localhost
Form Dict: {'cmd': 'scanifyme.notifications.api.notification_api.get_unread_notification_count'}
2026-03-17 15:01:08,356 ERROR frappe New Exception collected in error log
Site: test.localhost
Form Dict: {'is_read': None, 'limit': 50, 'cmd': 'scanifyme.notifications.api.notification_api.get_owner_notifications'}
2026-03-17 15:01:08,368 ERROR frappe New Exception collected in error log
Site: test.localhost
Form Dict: {'cmd': 'scanifyme.notifications.api.notification_api.get_unread_notification_count'}
2026-03-17 15:01:15,962 ERROR frappe New Exception collected in error log
Site: test.localhost
Form Dict: {'is_read': None, 'limit': 50, 'cmd': 'scanifyme.notifications.api.notification_api.get_owner_notifications'}
2026-03-17 15:01:15,978 ERROR frappe New Exception collected in error log
Site: test.localhost
Form Dict: {'is_read': None, 'limit': 50, 'cmd': 'scanifyme.notifications.api.notification_api.get_owner_notifications'}
2026-03-17 15:01:16,027 ERROR frappe New Exception collected in error log
Site: test.localhost
Form Dict: {'cmd': 'scanifyme.notifications.api.notification_api.get_unread_notification_count'}
2026-03-17 15:01:16,069 ERROR frappe New Exception collected in error log
Site: test.localhost
Form Dict: {'cmd': 'scanifyme.notifications.api.notification_api.get_unread_notification_count'}
2026-03-17 15:01:45,978 ERROR frappe New Exception collected in error log
Site: test.localhost
Form Dict: {'is_read': None, 'limit': 50, 'cmd': 'scanifyme.notifications.api.notification_api.get_owner_notifications'}
2026-03-17 15:01:45,997 ERROR frappe New Exception collected in error log
Site: test.localhost
Form Dict: {'cmd': 'scanifyme.notifications.api.notification_api.get_unread_notification_count'}
2026-03-17 15:01:46,010 ERROR frappe New Exception collected in error log
Site: test.localhost
Form Dict: {'cmd': 'scanifyme.notifications.api.notification_api.get_unread_notification_count'}
2026-03-17 15:01:46,024 ERROR frappe New Exception collected in error log
Site: test.localhost
Form Dict: {'is_read': None, 'limit': 50, 'cmd': 'scanifyme.notifications.api.notification_api.get_owner_notifications'}
2026-03-17 15:02:16,024 ERROR frappe New Exception collected in error log
Site: test.localhost
Form Dict: {'is_read': None, 'limit': 50, 'cmd': 'scanifyme.notifications.api.notification_api.get_owner_notifications'}
2026-03-17 15:02:16,071 ERROR frappe New Exception collected in error log
Site: test.localhost
Form Dict: {'is_read': None, 'limit': 50, 'cmd': 'scanifyme.notifications.api.notification_api.get_owner_notifications'}
2026-03-17 15:02:16,119 ERROR frappe New Exception collected in error log
Site: test.localhost
Form Dict: {'cmd': 'scanifyme.notifications.api.notification_api.get_unread_notification_count'}
2026-03-17 15:02:16,120 ERROR frappe New Exception collected in error log
Site: test.localhost
Form Dict: {'cmd': 'scanifyme.notifications.api.notification_api.get_unread_notification_count'}
2026-03-17 15:02:47,746 ERROR frappe New Exception collected in error log
Site: test.localhost
Form Dict: {'cmd': 'scanifyme.notifications.api.notification_api.get_unread_notification_count'}
2026-03-17 15:02:47,748 ERROR frappe New Exception collected in error log
Site: test.localhost
Form Dict: {'is_read': None, 'limit': 50, 'cmd': 'scanifyme.notifications.api.notification_api.get_owner_notifications'}
2026-03-17 15:02:47,765 ERROR frappe New Exception collected in error log
Site: test.localhost
Form Dict: {'cmd': 'scanifyme.notifications.api.notification_api.get_unread_notification_count'}
2026-03-17 15:02:47,784 ERROR frappe New Exception collected in error log
Site: test.localhost
Form Dict: {'is_read': None, 'limit': 50, 'cmd': 'scanifyme.notifications.api.notification_api.get_owner_notifications'}
2026-03-17 15:03:15,933 ERROR frappe New Exception collected in error log
Site: test.localhost
Form Dict: {'is_read': None, 'limit': 50, 'cmd': 'scanifyme.notifications.api.notification_api.get_owner_notifications'}
2026-03-17 15:03:15,973 ERROR frappe New Exception collected in error log
Site: test.localhost
Form Dict: {'cmd': 'scanifyme.notifications.api.notification_api.get_unread_notification_count'}
2026-03-17 15:03:16,011 ERROR frappe New Exception collected in error log
Site: test.localhost
Form Dict: {'cmd': 'scanifyme.notifications.api.notification_api.get_unread_notification_count'}
2026-03-17 15:03:16,029 ERROR frappe New Exception collected in error log
Site: test.localhost
Form Dict: {'is_read': None, 'limit': 50, 'cmd': 'scanifyme.notifications.api.notification_api.get_owner_notifications'}
2026-03-17 15:03:47,957 ERROR frappe New Exception collected in error log
Site: test.localhost
Form Dict: {'cmd': 'scanifyme.notifications.api.notification_api.get_unread_notification_count'}
2026-03-17 15:03:47,972 ERROR frappe New Exception collected in error log
Site: test.localhost
Form Dict: {'cmd': 'scanifyme.notifications.api.notification_api.get_unread_notification_count'}
2026-03-17 15:03:48,015 ERROR frappe New Exception collected in error log
Site: test.localhost
Form Dict: {'is_read': None, 'limit': 50, 'cmd': 'scanifyme.notifications.api.notification_api.get_owner_notifications'}
2026-03-17 15:03:48,019 ERROR frappe New Exception collected in error log
Site: test.localhost
Form Dict: {'is_read': None, 'limit': 50, 'cmd': 'scanifyme.notifications.api.notification_api.get_owner_notifications'}
2026-03-17 15:04:15,890 ERROR frappe New Exception collected in error log
Site: test.localhost
Form Dict: {'is_read': None, 'limit': 50, 'cmd': 'scanifyme.notifications.api.notification_api.get_owner_notifications'}
2026-03-17 15:04:15,973 ERROR frappe New Exception collected in error log
Site: test.localhost
Form Dict: {'cmd': 'scanifyme.notifications.api.notification_api.get_unread_notification_count'}
2026-03-17 15:04:15,992 ERROR frappe New Exception collected in error log
Site: test.localhost
Form Dict: {'is_read': None, 'limit': 50, 'cmd': 'scanifyme.notifications.api.notification_api.get_owner_notifications'}
2026-03-17 15:04:15,994 ERROR frappe New Exception collected in error log
Site: test.localhost
Form Dict: {'cmd': 'scanifyme.notifications.api.notification_api.get_unread_notification_count'}
2026-03-17 15:04:45,879 ERROR frappe New Exception collected in error log
Site: test.localhost
Form Dict: {'is_read': None, 'limit': 50, 'cmd': 'scanifyme.notifications.api.notification_api.get_owner_notifications'}
2026-03-17 15:04:45,967 ERROR frappe New Exception collected in error log
Site: test.localhost
Form Dict: {'is_read': None, 'limit': 50, 'cmd': 'scanifyme.notifications.api.notification_api.get_owner_notifications'}
2026-03-17 15:04:45,976 ERROR frappe New Exception collected in error log
Site: test.localhost
Form Dict: {'cmd': 'scanifyme.notifications.api.notification_api.get_unread_notification_count'}
2026-03-17 15:04:46,002 ERROR frappe New Exception collected in error log
Site: test.localhost
Form Dict: {'cmd': 'scanifyme.notifications.api.notification_api.get_unread_notification_count'}
2026-03-17 15:05:46,950 ERROR frappe New Exception collected in error log
Site: test.localhost
Form Dict: {'cmd': 'scanifyme.notifications.api.notification_api.get_unread_notification_count'}
2026-03-17 15:05:47,022 ERROR frappe New Exception collected in error log
Site: test.localhost
Form Dict: {'is_read': None, 'limit': 50, 'cmd': 'scanifyme.notifications.api.notification_api.get_owner_notifications'}
2026-03-17 15:05:47,044 ERROR frappe New Exception collected in error log
Site: test.localhost
Form Dict: {'is_read': None, 'limit': 50, 'cmd': 'scanifyme.notifications.api.notification_api.get_owner_notifications'}
2026-03-17 15:05:47,051 ERROR frappe New Exception collected in error log
Site: test.localhost
Form Dict: {'cmd': 'scanifyme.notifications.api.notification_api.get_unread_notification_count'}
2026-03-17 15:06:49,992 ERROR frappe New Exception collected in error log
Site: test.localhost
Form Dict: {'cmd': 'scanifyme.notifications.api.notification_api.get_unread_notification_count'}
2026-03-17 15:06:49,993 ERROR frappe New Exception collected in error log
Site: test.localhost
Form Dict: {'cmd': 'scanifyme.notifications.api.notification_api.get_unread_notification_count'}
2026-03-17 15:06:50,063 ERROR frappe New Exception collected in error log
Site: test.localhost
Form Dict: {'is_read': None, 'limit': 50, 'cmd': 'scanifyme.notifications.api.notification_api.get_owner_notifications'}
2026-03-17 15:06:50,129 ERROR frappe New Exception collected in error log
Site: test.localhost
Form Dict: {'is_read': None, 'limit': 50, 'cmd': 'scanifyme.notifications.api.notification_api.get_owner_notifications'}
2026-03-17 15:07:48,887 ERROR frappe New Exception collected in error log
Site: test.localhost
Form Dict: {'cmd': 'scanifyme.notifications.api.notification_api.get_unread_notification_count'}
2026-03-17 15:07:48,927 ERROR frappe New Exception collected in error log
Site: test.localhost
Form Dict: {'is_read': None, 'limit': 50, 'cmd': 'scanifyme.notifications.api.notification_api.get_owner_notifications'}
2026-03-17 15:07:48,971 ERROR frappe New Exception collected in error log
Site: test.localhost
Form Dict: {'is_read': None, 'limit': 50, 'cmd': 'scanifyme.notifications.api.notification_api.get_owner_notifications'}
2026-03-17 15:07:48,972 ERROR frappe New Exception collected in error log
Site: test.localhost
Form Dict: {'cmd': 'scanifyme.notifications.api.notification_api.get_unread_notification_count'}
2026-03-17 15:08:38,060 ERROR frappe New Exception collected in error log
Site: test.localhost
Form Dict: {'case_id': 'recovery-case-001', 'cmd': 'scanifyme.recovery.api.recovery_api.get_case_handover_details'}
2026-03-17 15:08:50,173 ERROR frappe New Exception collected in error log
Site: test.localhost
Form Dict: {'is_read': None, 'limit': 50, 'cmd': 'scanifyme.notifications.api.notification_api.get_owner_notifications'}
2026-03-17 15:08:50,178 ERROR frappe New Exception collected in error log
Site: test.localhost
Form Dict: {'cmd': 'scanifyme.notifications.api.notification_api.get_unread_notification_count'}
2026-03-17 15:08:50,178 ERROR frappe New Exception collected in error log
Site: test.localhost
Form Dict: {'is_read': None, 'limit': 50, 'cmd': 'scanifyme.notifications.api.notification_api.get_owner_notifications'}
2026-03-17 15:08:50,192 ERROR frappe New Exception collected in error log
Site: test.localhost
Form Dict: {'cmd': 'scanifyme.notifications.api.notification_api.get_unread_notification_count'}
2026-03-17 15:09:48,326 ERROR frappe New Exception collected in error log
Site: test.localhost
Form Dict: {'cmd': 'scanifyme.notifications.api.notification_api.get_unread_notification_count'}
2026-03-17 15:09:48,420 ERROR frappe New Exception collected in error log
Site: test.localhost
Form Dict: {'is_read': None, 'limit': 50, 'cmd': 'scanifyme.notifications.api.notification_api.get_owner_notifications'}
2026-03-17 15:09:48,540 ERROR frappe New Exception collected in error log
Site: test.localhost
Form Dict: {'cmd': 'scanifyme.notifications.api.notification_api.get_unread_notification_count'}
2026-03-17 15:09:48,547 ERROR frappe New Exception collected in error log
Site: test.localhost
Form Dict: {'is_read': None, 'limit': 50, 'cmd': 'scanifyme.notifications.api.notification_api.get_owner_notifications'}
2026-03-17 15:09:51,984 ERROR frappe New Exception collected in error log
Site: test.localhost
Form Dict: {'is_read': None, 'limit': 50, 'cmd': 'scanifyme.notifications.api.notification_api.get_owner_notifications'}
2026-03-17 15:09:52,101 ERROR frappe New Exception collected in error log
Site: test.localhost
Form Dict: {'cmd': 'scanifyme.notifications.api.notification_api.get_unread_notification_count'}
2026-03-17 15:09:52,137 ERROR frappe New Exception collected in error log
Site: test.localhost
Form Dict: {'cmd': 'scanifyme.notifications.api.notification_api.get_unread_notification_count'}
2026-03-17 15:09:52,141 ERROR frappe New Exception collected in error log
Site: test.localhost
Form Dict: {'is_read': None, 'limit': 50, 'cmd': 'scanifyme.notifications.api.notification_api.get_owner_notifications'}
2026-03-17 15:09:55,985 ERROR frappe New Exception collected in error log
Site: test.localhost
Form Dict: {'cmd': 'scanifyme.notifications.api.notification_api.get_unread_notification_count'}
2026-03-17 15:09:55,999 ERROR frappe New Exception collected in error log
Site: test.localhost
Form Dict: {'is_read': None, 'limit': 50, 'cmd': 'scanifyme.notifications.api.notification_api.get_owner_notifications'}
2026-03-17 15:09:56,075 ERROR frappe New Exception collected in error log
Site: test.localhost
Form Dict: {'is_read': None, 'limit': 50, 'cmd': 'scanifyme.notifications.api.notification_api.get_owner_notifications'}
2026-03-17 15:09:56,107 ERROR frappe New Exception collected in error log
Site: test.localhost
Form Dict: {'cmd': 'scanifyme.notifications.api.notification_api.get_unread_notification_count'}
2026-03-17 15:10:26,909 ERROR frappe New Exception collected in error log
Site: test.localhost
Form Dict: {'is_read': None, 'limit': 50, 'cmd': 'scanifyme.notifications.api.notification_api.get_owner_notifications'}
2026-03-17 15:10:26,973 ERROR frappe New Exception collected in error log
Site: test.localhost
Form Dict: {'is_read': None, 'limit': 50, 'cmd': 'scanifyme.notifications.api.notification_api.get_owner_notifications'}
2026-03-17 15:10:26,977 ERROR frappe New Exception collected in error log
Site: test.localhost
Form Dict: {'cmd': 'scanifyme.notifications.api.notification_api.get_unread_notification_count'}
2026-03-17 15:10:26,997 ERROR frappe New Exception collected in error log
Site: test.localhost
Form Dict: {'cmd': 'scanifyme.notifications.api.notification_api.get_unread_notification_count'}
2026-03-17 15:10:56,919 ERROR frappe New Exception collected in error log
Site: test.localhost
Form Dict: {'cmd': 'scanifyme.notifications.api.notification_api.get_unread_notification_count'}
2026-03-17 15:10:56,933 ERROR frappe New Exception collected in error log
Site: test.localhost
Form Dict: {'is_read': None, 'limit': 50, 'cmd': 'scanifyme.notifications.api.notification_api.get_owner_notifications'}
2026-03-17 15:10:56,974 ERROR frappe New Exception collected in error log
Site: test.localhost
Form Dict: {'is_read': None, 'limit': 50, 'cmd': 'scanifyme.notifications.api.notification_api.get_owner_notifications'}
2026-03-17 15:10:56,997 ERROR frappe New Exception collected in error log
Site: test.localhost
Form Dict: {'cmd': 'scanifyme.notifications.api.notification_api.get_unread_notification_count'}
2026-03-17 15:11:23,921 ERROR frappe New Exception collected in error log
Site: test.localhost
Form Dict: {'case_id': 'Recovery - Keys - 20260317144433', 'cmd': 'scanifyme.recovery.api.recovery_api.get_case_handover_details'}
2026-03-17 15:11:26,916 ERROR frappe New Exception collected in error log
Site: test.localhost
Form Dict: {'is_read': None, 'limit': 50, 'cmd': 'scanifyme.notifications.api.notification_api.get_owner_notifications'}
2026-03-17 15:11:26,959 ERROR frappe New Exception collected in error log
Site: test.localhost
Form Dict: {'is_read': None, 'limit': 50, 'cmd': 'scanifyme.notifications.api.notification_api.get_owner_notifications'}
2026-03-17 15:11:26,960 ERROR frappe New Exception collected in error log
Site: test.localhost
Form Dict: {'cmd': 'scanifyme.notifications.api.notification_api.get_unread_notification_count'}
2026-03-17 15:11:26,973 ERROR frappe New Exception collected in error log
Site: test.localhost
Form Dict: {'cmd': 'scanifyme.notifications.api.notification_api.get_unread_notification_count'}
2026-03-17 15:11:56,921 ERROR frappe New Exception collected in error log
Site: test.localhost
Form Dict: {'is_read': None, 'limit': 50, 'cmd': 'scanifyme.notifications.api.notification_api.get_owner_notifications'}
2026-03-17 15:11:56,937 ERROR frappe New Exception collected in error log
Site: test.localhost
Form Dict: {'cmd': 'scanifyme.notifications.api.notification_api.get_unread_notification_count'}
2026-03-17 15:11:56,987 ERROR frappe New Exception collected in error log
Site: test.localhost
Form Dict: {'cmd': 'scanifyme.notifications.api.notification_api.get_unread_notification_count'}
2026-03-17 15:11:56,992 ERROR frappe New Exception collected in error log
Site: test.localhost
Form Dict: {'is_read': None, 'limit': 50, 'cmd': 'scanifyme.notifications.api.notification_api.get_owner_notifications'}
2026-03-17 15:12:58,011 ERROR frappe New Exception collected in error log
Site: test.localhost
Form Dict: {'cmd': 'scanifyme.notifications.api.notification_api.get_unread_notification_count'}
2026-03-17 15:12:58,012 ERROR frappe New Exception collected in error log
Site: test.localhost
Form Dict: {'is_read': None, 'limit': 50, 'cmd': 'scanifyme.notifications.api.notification_api.get_owner_notifications'}
2026-03-17 15:12:58,013 ERROR frappe New Exception collected in error log
Site: test.localhost
Form Dict: {'is_read': None, 'limit': 50, 'cmd': 'scanifyme.notifications.api.notification_api.get_owner_notifications'}
2026-03-17 15:12:58,013 ERROR frappe New Exception collected in error log
Site: test.localhost
Form Dict: {'cmd': 'scanifyme.notifications.api.notification_api.get_unread_notification_count'}
2026-03-17 15:13:31,190 ERROR frappe New Exception collected in error log
Site: test.localhost
Form Dict: {'is_read': None, 'limit': 50, 'cmd': 'scanifyme.notifications.api.notification_api.get_owner_notifications'}
2026-03-17 15:13:31,191 ERROR frappe New Exception collected in error log
Site: test.localhost
Form Dict: {'is_read': None, 'limit': 50, 'cmd': 'scanifyme.notifications.api.notification_api.get_owner_notifications'}
2026-03-17 15:13:31,197 ERROR frappe New Exception collected in error log
Site: test.localhost
Form Dict: {'cmd': 'scanifyme.notifications.api.notification_api.get_unread_notification_count'}
2026-03-17 15:13:31,209 ERROR frappe New Exception collected in error log
Site: test.localhost
Form Dict: {'cmd': 'scanifyme.notifications.api.notification_api.get_unread_notification_count'}
2026-03-17 15:14:00,356 ERROR frappe New Exception collected in error log
Site: test.localhost
Form Dict: {'is_read': None, 'limit': 50, 'cmd': 'scanifyme.notifications.api.notification_api.get_owner_notifications'}
2026-03-17 15:14:00,357 ERROR frappe New Exception collected in error log
Site: test.localhost
Form Dict: {'is_read': None, 'limit': 50, 'cmd': 'scanifyme.notifications.api.notification_api.get_owner_notifications'}
2026-03-17 15:14:00,358 ERROR frappe New Exception collected in error log
Site: test.localhost
Form Dict: {'cmd': 'scanifyme.notifications.api.notification_api.get_unread_notification_count'}
2026-03-17 15:14:00,366 ERROR frappe New Exception collected in error log
Site: test.localhost
Form Dict: {'cmd': 'scanifyme.notifications.api.notification_api.get_unread_notification_count'}
2026-03-17 15:14:59,530 ERROR frappe New Exception collected in error log
Site: test.localhost
Form Dict: {'cmd': 'scanifyme.notifications.api.notification_api.get_unread_notification_count'}
2026-03-17 15:14:59,532 ERROR frappe New Exception collected in error log
Site: test.localhost
Form Dict: {'is_read': None, 'limit': 50, 'cmd': 'scanifyme.notifications.api.notification_api.get_owner_notifications'}
2026-03-17 15:14:59,546 ERROR frappe New Exception collected in error log
Site: test.localhost
Form Dict: {'cmd': 'scanifyme.notifications.api.notification_api.get_unread_notification_count'}
2026-03-17 15:14:59,555 ERROR frappe New Exception collected in error log
Site: test.localhost
Form Dict: {'is_read': None, 'limit': 50, 'cmd': 'scanifyme.notifications.api.notification_api.get_owner_notifications'}
2026-03-17 15:15:01,687 ERROR frappe New Exception collected in error log
Site: test.localhost
Form Dict: {'case_id': 'Recovery - Keys - 20260317144433', 'cmd': 'scanifyme.recovery.api.recovery_api.get_latest_case_location'}
2026-03-17 15:16:02,086 ERROR frappe New Exception collected in error log
Site: test.localhost
Form Dict: {'is_read': None, 'limit': 50, 'cmd': 'scanifyme.notifications.api.notification_api.get_owner_notifications'}
2026-03-17 15:16:02,087 ERROR frappe New Exception collected in error log
Site: test.localhost
Form Dict: {'is_read': None, 'limit': 50, 'cmd': 'scanifyme.notifications.api.notification_api.get_owner_notifications'}
2026-03-17 15:16:02,087 ERROR frappe New Exception collected in error log
Site: test.localhost
Form Dict: {'cmd': 'scanifyme.notifications.api.notification_api.get_unread_notification_count'}
2026-03-17 15:16:02,088 ERROR frappe New Exception collected in error log
Site: test.localhost
Form Dict: {'cmd': 'scanifyme.notifications.api.notification_api.get_unread_notification_count'}
2026-03-17 15:16:58,131 ERROR frappe New Exception collected in error log
Site: test.localhost
Form Dict: {'is_read': None, 'limit': 50, 'cmd': 'scanifyme.notifications.api.notification_api.get_owner_notifications'}
2026-03-17 15:16:58,136 ERROR frappe New Exception collected in error log
Site: test.localhost
Form Dict: {'cmd': 'scanifyme.notifications.api.notification_api.get_unread_notification_count'}
2026-03-17 15:16:58,140 ERROR frappe New Exception collected in error log
Site: test.localhost
Form Dict: {'is_read': None, 'limit': 50, 'cmd': 'scanifyme.notifications.api.notification_api.get_owner_notifications'}
2026-03-17 15:16:58,180 ERROR frappe New Exception collected in error log
Site: test.localhost
Form Dict: {'cmd': 'scanifyme.notifications.api.notification_api.get_unread_notification_count'}
2026-03-17 15:17:13,418 ERROR frappe New Exception collected in error log
Site: test.localhost
Form Dict: {'cmd': 'scanifyme.notifications.api.notification_api.get_unread_notification_count'}
2026-03-17 15:17:13,427 ERROR frappe New Exception collected in error log
Site: test.localhost
Form Dict: {'is_read': None, 'limit': 50, 'cmd': 'scanifyme.notifications.api.notification_api.get_owner_notifications'}
2026-03-17 15:17:13,450 ERROR frappe New Exception collected in error log
Site: test.localhost
Form Dict: {'cmd': 'scanifyme.notifications.api.notification_api.get_unread_notification_count'}
2026-03-17 15:17:13,500 ERROR frappe New Exception collected in error log
Site: test.localhost
Form Dict: {'is_read': None, 'limit': 50, 'cmd': 'scanifyme.notifications.api.notification_api.get_owner_notifications'}
2026-03-17 15:17:25,965 ERROR frappe New Exception collected in error log
Site: test.localhost
Form Dict: {'cmd': 'scanifyme.notifications.api.notification_api.get_unread_notification_count'}
2026-03-17 15:17:26,020 ERROR frappe New Exception collected in error log
Site: test.localhost
Form Dict: {'is_read': None, 'limit': 50, 'cmd': 'scanifyme.notifications.api.notification_api.get_owner_notifications'}
2026-03-17 15:17:31,924 ERROR frappe New Exception collected in error log
Site: test.localhost
Form Dict: {'is_read': None, 'limit': 50, 'cmd': 'scanifyme.notifications.api.notification_api.get_owner_notifications'}
2026-03-17 15:17:31,955 ERROR frappe New Exception collected in error log
Site: test.localhost
Form Dict: {'cmd': 'scanifyme.notifications.api.notification_api.get_unread_notification_count'}
2026-03-17 15:17:35,010 ERROR frappe New Exception collected in error log
Site: test.localhost
Form Dict: {'is_read': None, 'limit': 50, 'cmd': 'scanifyme.notifications.api.notification_api.get_owner_notifications'}
2026-03-17 15:17:35,049 ERROR frappe New Exception collected in error log
Site: test.localhost
Form Dict: {'cmd': 'scanifyme.notifications.api.notification_api.get_unread_notification_count'}
2026-03-17 15:17:35,101 ERROR frappe New Exception collected in error log
Site: test.localhost
Form Dict: {'is_read': None, 'limit': 50, 'cmd': 'scanifyme.notifications.api.notification_api.get_owner_notifications'}
2026-03-17 15:17:35,103 ERROR frappe New Exception collected in error log
Site: test.localhost
Form Dict: {'cmd': 'scanifyme.notifications.api.notification_api.get_unread_notification_count'}
2026-03-17 15:18:06,095 ERROR frappe New Exception collected in error log
Site: test.localhost
Form Dict: {'is_read': None, 'limit': 50, 'cmd': 'scanifyme.notifications.api.notification_api.get_owner_notifications'}
2026-03-17 15:18:06,145 ERROR frappe New Exception collected in error log
Site: test.localhost
Form Dict: {'cmd': 'scanifyme.notifications.api.notification_api.get_unread_notification_count'}
2026-03-17 15:18:06,165 ERROR frappe New Exception collected in error log
Site: test.localhost
Form Dict: {'is_read': None, 'limit': 50, 'cmd': 'scanifyme.notifications.api.notification_api.get_owner_notifications'}
2026-03-17 15:18:06,213 ERROR frappe New Exception collected in error log
Site: test.localhost
Form Dict: {'cmd': 'scanifyme.notifications.api.notification_api.get_unread_notification_count'}
2026-03-17 15:18:35,955 ERROR frappe New Exception collected in error log
Site: test.localhost
Form Dict: {'is_read': None, 'limit': 50, 'cmd': 'scanifyme.notifications.api.notification_api.get_owner_notifications'}
2026-03-17 15:18:35,990 ERROR frappe New Exception collected in error log
Site: test.localhost
Form Dict: {'cmd': 'scanifyme.notifications.api.notification_api.get_unread_notification_count'}
2026-03-17 15:18:36,034 ERROR frappe New Exception collected in error log
Site: test.localhost
Form Dict: {'is_read': None, 'limit': 50, 'cmd': 'scanifyme.notifications.api.notification_api.get_owner_notifications'}
2026-03-17 15:18:36,042 ERROR frappe New Exception collected in error log
Site: test.localhost
Form Dict: {'cmd': 'scanifyme.notifications.api.notification_api.get_unread_notification_count'}
2026-03-17 15:19:05,944 ERROR frappe New Exception collected in error log
Site: test.localhost
Form Dict: {'is_read': None, 'limit': 50, 'cmd': 'scanifyme.notifications.api.notification_api.get_owner_notifications'}
2026-03-17 15:19:06,001 ERROR frappe New Exception collected in error log
Site: test.localhost
Form Dict: {'is_read': None, 'limit': 50, 'cmd': 'scanifyme.notifications.api.notification_api.get_owner_notifications'}
2026-03-17 15:19:06,032 ERROR frappe New Exception collected in error log
Site: test.localhost
Form Dict: {'cmd': 'scanifyme.notifications.api.notification_api.get_unread_notification_count'}
2026-03-17 15:19:06,040 ERROR frappe New Exception collected in error log
Site: test.localhost
Form Dict: {'cmd': 'scanifyme.notifications.api.notification_api.get_unread_notification_count'}
2026-03-17 15:19:35,871 ERROR frappe New Exception collected in error log
Site: test.localhost
Form Dict: {'is_read': None, 'limit': 50, 'cmd': 'scanifyme.notifications.api.notification_api.get_owner_notifications'}
2026-03-17 15:19:35,925 ERROR frappe New Exception collected in error log
Site: test.localhost
Form Dict: {'cmd': 'scanifyme.notifications.api.notification_api.get_unread_notification_count'}
2026-03-17 15:19:35,944 ERROR frappe New Exception collected in error log
Site: test.localhost
Form Dict: {'is_read': None, 'limit': 50, 'cmd': 'scanifyme.notifications.api.notification_api.get_owner_notifications'}
2026-03-17 15:19:35,971 ERROR frappe New Exception collected in error log
Site: test.localhost
Form Dict: {'cmd': 'scanifyme.notifications.api.notification_api.get_unread_notification_count'}
2026-03-17 15:19:43,689 ERROR frappe New Exception collected in error log
Site: test.localhost
Form Dict: {'cmd': 'scanifyme.notifications.api.notification_api.get_unread_notification_count'}
2026-03-17 15:19:43,705 ERROR frappe New Exception collected in error log
Site: test.localhost
Form Dict: {'is_read': None, 'limit': 50, 'cmd': 'scanifyme.notifications.api.notification_api.get_owner_notifications'}
2026-03-17 15:19:43,709 ERROR frappe New Exception collected in error log
Site: test.localhost
Form Dict: {'cmd': 'scanifyme.notifications.api.notification_api.get_unread_notification_count'}
2026-03-17 15:19:43,774 ERROR frappe New Exception collected in error log
Site: test.localhost
Form Dict: {'is_read': None, 'limit': 50, 'cmd': 'scanifyme.notifications.api.notification_api.get_owner_notifications'}
2026-03-17 15:20:09,356 ERROR frappe New Exception collected in error log
Site: test.localhost
Form Dict: {'cmd': 'scanifyme.notifications.api.notification_api.get_unread_notification_count'}
2026-03-17 15:20:09,358 ERROR frappe New Exception collected in error log
Site: test.localhost
Form Dict: {'is_read': None, 'limit': 50, 'cmd': 'scanifyme.notifications.api.notification_api.get_owner_notifications'}
2026-03-17 15:29:33,840 ERROR frappe New Exception collected in error log
Site: test.localhost
Form Dict: {'case_id': 'test-case-4', 'cmd': 'scanifyme.recovery.api.recovery_api.get_recovery_case_messages'}
2026-03-17 15:29:33,841 ERROR frappe New Exception collected in error log
Site: test.localhost
Form Dict: {'case_id': 'test-case-4', 'cmd': 'scanifyme.recovery.api.recovery_api.get_recovery_case_details'}
2026-03-17 15:29:33,870 ERROR frappe New Exception collected in error log
Site: test.localhost
Form Dict: {'case_id': 'test-case-4', 'cmd': 'scanifyme.recovery.api.recovery_api.get_case_handover_details'}
2026-03-17 15:29:42,596 ERROR frappe New Exception collected in error log
Site: test.localhost
Form Dict: {'case_id': 'test-case-4', 'cmd': 'scanifyme.recovery.api.recovery_api.get_recovery_case_details'}
2026-03-17 15:29:42,607 ERROR frappe New Exception collected in error log
Site: test.localhost
Form Dict: {'case_id': 'test-case-4', 'cmd': 'scanifyme.recovery.api.recovery_api.get_recovery_case_messages'}
2026-03-17 15:29:42,666 ERROR frappe New Exception collected in error log
Site: test.localhost
Form Dict: {'case_id': 'test-case-4', 'cmd': 'scanifyme.recovery.api.recovery_api.get_case_handover_details'}
2026-03-17 15:36:35,581 ERROR frappe New Exception collected in error log
Site: test.localhost
Form Dict: {'case_id': 'test-case-4', 'cmd': 'scanifyme.recovery.api.recovery_api.get_recovery_case_messages'}
2026-03-17 15:36:35,582 ERROR frappe New Exception collected in error log
Site: test.localhost
Form Dict: {'case_id': 'test-case-4', 'cmd': 'scanifyme.recovery.api.recovery_api.get_case_handover_details'}
2026-03-17 15:36:35,582 ERROR frappe New Exception collected in error log
Site: test.localhost
Form Dict: {'case_id': 'test-case-4', 'cmd': 'scanifyme.recovery.api.recovery_api.get_recovery_case_details'}
2026-03-18 11:07:29,976 ERROR frappe New Exception collected in error log
Site: test.localhost
Form Dict: {'item': '5vbo30ef43', 'cmd': 'scanifyme.items.api.items_api.get_item_details'}
2026-03-18 12:22:16,027 ERROR frappe New Exception collected in error log
Site: test.localhost
Form Dict: {'case_id': 'test-case', 'cmd': 'scanifyme.recovery.api.recovery_api.get_recovery_case_details'}
2026-03-18 12:25:53,597 ERROR frappe New Exception collected in error log
Site: test.localhost
Form Dict: {'case_id': 'test-case', 'cmd': 'scanifyme.recovery.api.recovery_api.get_case_handover_details'}
2026-03-18 13:14:17,329 ERROR frappe New Exception collected in error log
Site: test.localhost
Form Dict: {'cmd': 'scanifyme.items.api.items_api.get_user_items'}
2026-03-18 13:14:23,805 ERROR frappe New Exception collected in error log
Site: test.localhost
Form Dict: {'usr': 'Administrator', 'pwd': '********', 'cmd': 'frappe.auth.login'}
2026-03-18 13:14:30,186 ERROR frappe New Exception collected in error log
Site: test.localhost
Form Dict: {'cmd': 'frappe.auth.get_logged_in_user'}
2026-03-18 13:14:38,430 ERROR frappe New Exception collected in error log
Site: test.localhost
Form Dict: {'cmd': 'frappe.auth.get_logged_user'}
2026-03-18 13:15:39,133 ERROR frappe New Exception collected in error log
Site: test.localhost
Form Dict: {'item': '5vbo30ef43', 'cmd': 'scanifyme.items.api.items_api.get_item_details'}
2026-03-18 13:15:55,513 ERROR frappe New Exception collected in error log
Site: test.localhost
Form Dict: {'doctype': 'Recovery Case', 'filters': '{"owner_profile":"demo@scanifyme.app"}', 'fieldname': 'name', 'cmd': 'frappe.db.get_value'}
2026-03-18 13:20:10,658 ERROR frappe New Exception collected in error log
Site: test.localhost
Form Dict: {'cmd': 'scanifyme.items.api.items_api.get_user_items'}
2026-03-18 14:44:57,273 ERROR frappe New Exception collected in error log
Site: test.localhost
Form Dict: {'item': '5vbo30ef43', 'cmd': 'scanifyme.items.api.items_api.get_item_details'}
2026-03-18 15:12:39,754 ERROR frappe New Exception collected in error log
Site: test.localhost
Form Dict: {'case_id': 'test-case', 'cmd': 'scanifyme.recovery.api.recovery_api.get_recovery_case_details'}
2026-03-18 15:12:39,788 ERROR frappe New Exception collected in error log
Site: test.localhost
Form Dict: {'case_id': 'test-case', 'cmd': 'scanifyme.recovery.api.recovery_api.get_case_handover_details'}
2026-03-18 15:24:14,666 ERROR frappe New Exception collected in error log
Site: test.localhost
Form Dict: {'case_id': 'test-case', 'cmd': 'scanifyme.recovery.api.recovery_api.get_recovery_case_details'}
2026-03-18 15:24:14,738 ERROR frappe New Exception collected in error log
Site: test.localhost
Form Dict: {'case_id': 'test-case', 'cmd': 'scanifyme.recovery.api.recovery_api.get_case_handover_details'}
2026-03-18 15:24:22,053 ERROR frappe New Exception collected in error log
Site: test.localhost
Form Dict: {'case_id': 'test-case', 'cmd': 'scanifyme.recovery.api.recovery_api.get_recovery_case_details'}
2026-03-18 15:24:22,205 ERROR frappe New Exception collected in error log
Site: test.localhost
Form Dict: {'case_id': 'test-case', 'cmd': 'scanifyme.recovery.api.recovery_api.get_case_handover_details'}
2026-03-19 22:02:10,413 ERROR frappe New Exception collected in error log
Site: test.localhost
Form Dict: {'cmd': 'scanifyme.recovery.api.recovery_api.get_owner_recovery_cases'}
2026-03-19 22:02:10,470 ERROR frappe New Exception collected in error log
Site: test.localhost
Form Dict: {'cmd': 'scanifyme.recovery.api.recovery_api.get_owner_recovery_cases'}
2026-03-19 23:30:33,025 ERROR frappe New Exception collected in error log
Site: test.localhost
Form Dict: {'cmd': 'frappe.auth.get_logged_user'}
2026-03-20 00:46:26,208 ERROR frappe New Exception collected in error log
Site: test.localhost
Form Dict: {'cmd': 'scanifyme.recovery.api.recovery_api.get_owner_recovery_cases'}
2026-03-20 00:46:26,212 ERROR frappe New Exception collected in error log
Site: test.localhost
Form Dict: {'cmd': 'scanifyme.recovery.api.recovery_api.get_owner_recovery_cases'}
2026-03-20 00:46:56,657 ERROR frappe New Exception collected in error log
Site: test.localhost
Form Dict: {'cmd': 'scanifyme.reports.api.dashboard_api.get_admin_operational_summary'}
2026-03-20 00:46:56,667 ERROR frappe New Exception collected in error log
Site: test.localhost
Form Dict: {'cmd': 'scanifyme.reports.api.dashboard_api.get_owner_dashboard_summary'}
2026-03-20 00:47:01,270 ERROR frappe New Exception collected in error log
Site: test.localhost
Form Dict: {'limit': 10, 'cmd': 'scanifyme.reports.api.dashboard_api.get_owner_recent_activity'}
2026-03-20 00:47:50,962 ERROR frappe New Exception collected in error log
Site: test.localhost
Form Dict: {'cmd': 'scanifyme.reports.api.dashboard_api.get_owner_dashboard_summary'}
2026-03-20 00:49:06,533 ERROR frappe New Exception collected in error log
Site: test.localhost
Form Dict: {'cmd': 'scanifyme.reports.api.dashboard_api.get_owner_dashboard_summary'}
2026-03-20 00:49:07,443 ERROR frappe New Exception collected in error log
Site: test.localhost
Form Dict: {'cmd': 'scanifyme.reports.api.dashboard_api.get_admin_operational_summary'}
2026-03-20 00:49:08,043 ERROR frappe New Exception collected in error log
Site: test.localhost
Form Dict: {'limit': 10, 'cmd': 'scanifyme.reports.api.dashboard_api.get_owner_recent_activity'}
2026-03-20 00:49:35,181 ERROR frappe New Exception collected in error log
Site: test.localhost
Form Dict: {'cmd': 'scanifyme.recovery.api.recovery_api.get_owner_recovery_cases'}
2026-03-20 00:49:39,772 ERROR frappe New Exception collected in error log
Site: test.localhost
Form Dict: {'cmd': 'scanifyme.recovery.api.recovery_api.get_owner_recovery_cases'}
2026-03-20 00:50:06,985 ERROR frappe New Exception collected in error log
Site: test.localhost
Form Dict: {'cmd': 'scanifyme.reports.api.dashboard_api.get_owner_dashboard_summary'}
2026-03-20 00:50:07,634 ERROR frappe New Exception collected in error log
Site: test.localhost
Form Dict: {'cmd': 'scanifyme.reports.api.dashboard_api.get_admin_operational_summary'}
2026-03-20 00:50:08,258 ERROR frappe New Exception collected in error log
Site: test.localhost
Form Dict: {'limit': 10, 'cmd': 'scanifyme.reports.api.dashboard_api.get_owner_recent_activity'}
2026-03-20 00:50:37,828 ERROR frappe New Exception collected in error log
Site: test.localhost
Form Dict: {'cmd': 'scanifyme.recovery.api.recovery_api.get_owner_recovery_cases'}
2026-03-20 00:50:41,931 ERROR frappe New Exception collected in error log
Site: test.localhost
Form Dict: {'cmd': 'scanifyme.recovery.api.recovery_api.get_owner_recovery_cases'}
2026-03-20 00:51:09,063 ERROR frappe New Exception collected in error log
Site: test.localhost
Form Dict: {'cmd': 'scanifyme.reports.api.dashboard_api.get_owner_dashboard_summary'}
2026-03-20 00:51:09,461 ERROR frappe New Exception collected in error log
Site: test.localhost
Form Dict: {'cmd': 'scanifyme.reports.api.dashboard_api.get_admin_operational_summary'}
2026-03-20 00:51:09,875 ERROR frappe New Exception collected in error log
Site: test.localhost
Form Dict: {'limit': 10, 'cmd': 'scanifyme.reports.api.dashboard_api.get_owner_recent_activity'}
2026-03-20 00:51:46,440 ERROR frappe New Exception collected in error log
Site: test.localhost
Form Dict: {'cmd': 'scanifyme.recovery.api.recovery_api.get_owner_recovery_cases'}
2026-03-20 00:51:50,065 ERROR frappe New Exception collected in error log
Site: test.localhost
Form Dict: {'cmd': 'scanifyme.recovery.api.recovery_api.get_owner_recovery_cases'}
2026-03-20 00:52:16,831 ERROR frappe New Exception collected in error log
Site: test.localhost
Form Dict: {'cmd': 'scanifyme.reports.api.dashboard_api.get_owner_dashboard_summary'}
2026-03-20 00:52:17,196 ERROR frappe New Exception collected in error log
Site: test.localhost
Form Dict: {'cmd': 'scanifyme.reports.api.dashboard_api.get_admin_operational_summary'}
2026-03-20 00:52:17,580 ERROR frappe New Exception collected in error log
Site: test.localhost
Form Dict: {'limit': 10, 'cmd': 'scanifyme.reports.api.dashboard_api.get_owner_recent_activity'}
2026-03-20 10:34:42,883 ERROR frappe New Exception collected in error log
Site: test.localhost
Form Dict: {'cmd': 'scanifyme.onboarding.api.onboarding_api.get_owner_next_actions'}
2026-03-20 11:08:56,777 ERROR frappe New Exception collected in error log
Site: test.localhost
Form Dict: {'cmd': 'scanifyme.recovery.api.recovery_api.get_owner_recovery_cases'}
2026-03-20 11:08:57,107 ERROR frappe New Exception collected in error log
Site: test.localhost
Form Dict: {'cmd': 'scanifyme.recovery.api.recovery_api.get_owner_recovery_cases'}
2026-03-20 11:09:25,661 ERROR frappe New Exception collected in error log
Site: test.localhost
Form Dict: {'cmd': 'scanifyme.reports.api.dashboard_api.get_owner_dashboard_summary'}
2026-03-20 11:09:26,047 ERROR frappe New Exception collected in error log
Site: test.localhost
Form Dict: {'cmd': 'scanifyme.reports.api.dashboard_api.get_admin_operational_summary'}
2026-03-20 11:09:26,455 ERROR frappe New Exception collected in error log
Site: test.localhost
Form Dict: {'limit': 10, 'cmd': 'scanifyme.reports.api.dashboard_api.get_owner_recent_activity'}
2026-03-20 11:10:26,759 ERROR frappe New Exception collected in error log
Site: test.localhost
Form Dict: {'cmd': 'scanifyme.reports.api.dashboard_api.get_owner_dashboard_summary'}
2026-03-20 11:10:27,162 ERROR frappe New Exception collected in error log
Site: test.localhost
Form Dict: {'cmd': 'scanifyme.reports.api.dashboard_api.get_admin_operational_summary'}
2026-03-20 11:10:27,567 ERROR frappe New Exception collected in error log
Site: test.localhost
Form Dict: {'limit': 10, 'cmd': 'scanifyme.reports.api.dashboard_api.get_owner_recent_activity'}
2026-03-20 11:11:02,224 ERROR frappe New Exception collected in error log
Site: test.localhost
Form Dict: {'cmd': 'scanifyme.recovery.api.recovery_api.get_owner_recovery_cases'}
2026-03-20 11:11:05,349 ERROR frappe New Exception collected in error log
Site: test.localhost
Form Dict: {'cmd': 'scanifyme.recovery.api.recovery_api.get_owner_recovery_cases'}
2026-03-20 12:56:40,172 ERROR frappe New Exception collected in error log
Site: test.localhost
Form Dict: {'cmd': 'scanifyme.recovery.api.recovery_api.get_owner_recovery_cases'}
2026-03-20 12:56:40,414 ERROR frappe New Exception collected in error log
Site: test.localhost
Form Dict: {'cmd': 'scanifyme.recovery.api.recovery_api.get_owner_recovery_cases'}
2026-03-20 12:57:09,340 ERROR frappe New Exception collected in error log
Site: test.localhost
Form Dict: {'cmd': 'scanifyme.reports.api.dashboard_api.get_owner_dashboard_summary'}
2026-03-20 12:57:09,731 ERROR frappe New Exception collected in error log
Site: test.localhost
Form Dict: {'cmd': 'scanifyme.reports.api.dashboard_api.get_admin_operational_summary'}
2026-03-20 12:57:10,115 ERROR frappe New Exception collected in error log
Site: test.localhost
Form Dict: {'limit': 10, 'cmd': 'scanifyme.reports.api.dashboard_api.get_owner_recent_activity'}
2026-03-20 13:19:29,289 ERROR frappe New Exception collected in error log
Site: test.localhost
Form Dict: {'cmd': 'scanifyme.api.demo_data.get_demo_tokens'}
2026-03-20 16:01:56,720 ERROR frappe New Exception collected in error log
Site: test.localhost
Form Dict: {'cmd': 'scanifyme.recovery.api.recovery_api.get_owner_recovery_cases'}
2026-03-20 16:01:56,725 ERROR frappe New Exception collected in error log
Site: test.localhost
Form Dict: {'cmd': 'scanifyme.recovery.api.recovery_api.get_owner_recovery_cases'}
2026-03-20 16:04:25,747 ERROR frappe New Exception collected in error log
Site: test.localhost
Form Dict: {'cmd': 'scanifyme.recovery.api.recovery_api.get_owner_recovery_cases'}
2026-03-20 16:04:30,457 ERROR frappe New Exception collected in error log
Site: test.localhost
Form Dict: {'cmd': 'scanifyme.recovery.api.recovery_api.get_owner_recovery_cases'}
2026-03-20 16:04:56,780 ERROR frappe New Exception collected in error log
Site: test.localhost
Form Dict: {'cmd': 'scanifyme.reports.api.dashboard_api.get_owner_dashboard_summary'}
2026-03-20 16:04:57,190 ERROR frappe New Exception collected in error log
Site: test.localhost
Form Dict: {'cmd': 'scanifyme.reports.api.dashboard_api.get_admin_operational_summary'}
2026-03-20 16:04:57,586 ERROR frappe New Exception collected in error log
Site: test.localhost
Form Dict: {'limit': 10, 'cmd': 'scanifyme.reports.api.dashboard_api.get_owner_recent_activity'}
2026-03-20 16:33:47,949 ERROR frappe New Exception collected in error log
Site: test.localhost
Form Dict: {'cmd': 'scanifyme.recovery.api.recovery_api.get_owner_recovery_cases'}
2026-03-20 16:33:48,175 ERROR frappe New Exception collected in error log
Site: test.localhost
Form Dict: {'cmd': 'scanifyme.recovery.api.recovery_api.get_owner_recovery_cases'}
2026-03-20 16:34:20,603 ERROR frappe New Exception collected in error log
Site: test.localhost
Form Dict: {'cmd': 'scanifyme.reports.api.dashboard_api.get_owner_dashboard_summary'}
2026-03-20 16:34:20,994 ERROR frappe New Exception collected in error log
Site: test.localhost
Form Dict: {'cmd': 'scanifyme.reports.api.dashboard_api.get_admin_operational_summary'}
2026-03-20 16:34:21,409 ERROR frappe New Exception collected in error log
Site: test.localhost
Form Dict: {'limit': 10, 'cmd': 'scanifyme.reports.api.dashboard_api.get_owner_recent_activity'}
2026-03-20 17:19:56,102 ERROR frappe New Exception collected in error log
Site: test.localhost
Form Dict: {'doctype': 'Item Category', 'cmd': 'scanifyme.api.safe_list_api.get_safe_list_schema'}
2026-03-20 17:21:07,708 ERROR frappe New Exception collected in error log
Site: test.localhost
Form Dict: {'doctype': 'Item Category', 'cmd': 'scanifyme.api.safe_list_api.get_safe_list_schema'}
2026-03-20 17:42:46,584 ERROR frappe New Exception collected in error log
Site: test.localhost
Form Dict: {'cmd': 'frappe.auth.get_logged_user'}
2026-03-20 18:46:16,878 ERROR frappe New Exception collected in error log
Site: test.localhost
Form Dict: {'doctype': 'Item Category', 'cmd': 'scanifyme.utils.api.safe_list_api.get_doctype_list_schema'}
2026-03-20 18:46:37,005 ERROR frappe New Exception collected in error log
Site: test.localhost
Form Dict: {'doctype': 'Item Category', 'cmd': 'scanifyme.api.safe_list_api.get_doctype_list_schema'}
2026-03-20 18:46:44,504 ERROR frappe New Exception collected in error log
Site: test.localhost
Form Dict: {'doctype': 'Item Category', 'cmd': 'scanifyme.api.safe_list_api.get_safe_list_schema'}
